Using pre-set license
Built from '2020.2/staging' branch; Version is '2020.2.6f1 (8a2143876886) revision 9052483'; Using compiler version '192528614'; Build Type 'Release'
OS: 'Windows 10 Home; OS build 19042.1348; Version 2009; 64bit' Language: 'pl' Physical Memory: 8052 MB
BatchMode: 1, IsHumanControllingUs: 0, StartBugReporterOnCrash: 0, Is64bit: 1, IsPro: 0

 COMMAND LINE ARGUMENTS:
C:\Program Files\Unity\Hub\Editor\2020.2.6f1\Editor\Unity.exe
-adb2
-batchMode
-noUpm
-name
AssetImportWorker0
-projectPath
C:/Users/Roach/Desktop/Moje Gry/Elevator
-logFile
Logs/AssetImportWorker0.log
-srvPort
61516
Successfully changed project path to: C:/Users/Roach/Desktop/Moje Gry/Elevator
C:/Users/Roach/Desktop/Moje Gry/Elevator
Using Asset Import Pipeline V2.
Refreshing native plugins compatible for Editor in 27.70 ms, found 0 plugins.
Preloading 0 native plugins for Editor in 0.00 ms.
Initialize engine version: 2020.2.6f1 (8a2143876886)
[Subsystems] Discovering subsystems at path C:/Program Files/Unity/Hub/Editor/2020.2.6f1/Editor/Data/Resources/UnitySubsystems
[Subsystems] Discovering subsystems at path C:/Users/Roach/Desktop/Moje Gry/Elevator/Assets
GfxDevice: creating device client; threaded=0
Direct3D:
    Version:  Direct3D 11.0 [level 11.1]
    Renderer: NVIDIA GeForce GTX 1050 (ID=0x1c8d)
    Vendor:   
    VRAM:     4019 MB
    Driver:   27.21.14.6231
Initialize mono
Mono path[0] = 'C:/Program Files/Unity/Hub/Editor/2020.2.6f1/Editor/Data/Managed'
Mono path[1] = 'C:/Program Files/Unity/Hub/Editor/2020.2.6f1/Editor/Data/MonoBleedingEdge/lib/mono/unityjit'
Mono config path = 'C:/Program Files/Unity/Hub/Editor/2020.2.6f1/Editor/Data/MonoBleedingEdge/etc'
Using monoOptions --debugger-agent=transport=dt_socket,embedding=1,server=y,suspend=n,address=127.0.0.1:56156
Begin MonoManager ReloadAssembly
Registering precompiled unity dll's ...
Register platform support module: C:/Program Files/Unity/Hub/Editor/2020.2.6f1/Editor/Data/PlaybackEngines/WindowsStandaloneSupport/UnityEditor.WindowsStandalone.Extensions.dll
Registered in 0.003392 seconds.
Native extension for WindowsStandalone target not found
Refreshing native plugins compatible for Editor in 25.77 ms, found 0 plugins.
Preloading 0 native plugins for Editor in 0.00 ms.
Invoked RoslynAnalysisRunner static constructor.
RoslynAnalysisRunner will not be running.
RoslynAnalysisRunner has terminated.
Mono: successfully reloaded assembly
- Completed reload, in  1.513 seconds
Platform modules already initialized, skipping
Registering precompiled user dll's ...
Registered in 0.002838 seconds.
Begin MonoManager ReloadAssembly
Native extension for WindowsStandalone target not found
Refreshing native plugins compatible for Editor in 0.23 ms, found 0 plugins.
Preloading 0 native plugins for Editor in 0.00 ms.
Invoked RoslynAnalysisRunner static constructor.
RoslynAnalysisRunner will not be running.
RoslynAnalysisRunner has terminated.
Mono: successfully reloaded assembly
- Completed reload, in  1.350 seconds
Platform modules already initialized, skipping
========================================================================
Worker process is ready to serve import requests
Launched and connected shader compiler UnityShaderCompiler.exe after 0.06 seconds
Refreshing native plugins compatible for Editor in 0.97 ms, found 0 plugins.
Preloading 0 native plugins for Editor in 0.00 ms.
Unloading 1119 Unused Serialized files (Serialized files now loaded: 0)
System memory in use before: 69.2 MB.
System memory in use after: 69.2 MB.

Unloading 12 unused Assets to reduce memory usage. Loaded Objects now: 1578.
Total: 4.100200 ms (FindLiveObjects: 0.933600 ms CreateObjectMapping: 0.588300 ms MarkObjects: 2.457000 ms  DeleteObjects: 0.119100 ms)

========================================================================
Received Import Request.
  path: Assets/Animation/Elevator.controller
  artifactKey: Guid(5c7c6ed7eb3920b4ab6a2c4d80e77f9c) Importer(815301076,1909f56bfc062723c751e8b465ee728b)
Start importing Assets/Animation/Elevator.controller using Guid(5c7c6ed7eb3920b4ab6a2c4d80e77f9c) Importer(815301076,1909f56bfc062723c751e8b465ee728b)  -> (artifact id: '1bea5b71da5e69f9c3d173b638c9fd14') in 0.133890 seconds
  Import took 0.145103 seconds .

========================================================================
Received Prepare
Registering precompiled user dll's ...
Registered in 0.003921 seconds.
Begin MonoManager ReloadAssembly
Native extension for WindowsStandalone target not found
Refreshing native plugins compatible for Editor in 0.34 ms, found 0 plugins.
Preloading 0 native plugins for Editor in 0.00 ms.
Invoked RoslynAnalysisRunner static constructor.
RoslynAnalysisRunner will not be running.
RoslynAnalysisRunner has terminated.
Mono: successfully reloaded assembly
- Completed reload, in  0.972 seconds
Platform modules already initialized, skipping
Refreshing native plugins compatible for Editor in 0.22 ms, found 0 plugins.
Preloading 0 native plugins for Editor in 0.00 ms.
Unloading 1114 Unused Serialized files (Serialized files now loaded: 0)
System memory in use before: 69.1 MB.
System memory in use after: 69.2 MB.

Unloading 7 unused Assets to reduce memory usage. Loaded Objects now: 1580.
Total: 1.547200 ms (FindLiveObjects: 0.182700 ms CreateObjectMapping: 0.039200 ms MarkObjects: 1.267700 ms  DeleteObjects: 0.056200 ms)

========================================================================
Received Prepare
Registering precompiled user dll's ...
Registered in 0.002475 seconds.
Begin MonoManager ReloadAssembly
Native extension for WindowsStandalone target not found
Refreshing native plugins compatible for Editor in 0.75 ms, found 0 plugins.
Preloading 0 native plugins for Editor in 0.00 ms.
Invoked RoslynAnalysisRunner static constructor.
RoslynAnalysisRunner will not be running.
RoslynAnalysisRunner has terminated.
Mono: successfully reloaded assembly
- Completed reload, in  1.014 seconds
Platform modules already initialized, skipping
Refreshing native plugins compatible for Editor in 0.25 ms, found 0 plugins.
Preloading 0 native plugins for Editor in 0.00 ms.
Unloading 1114 Unused Serialized files (Serialized files now loaded: 0)
System memory in use before: 69.1 MB.
System memory in use after: 69.2 MB.

Unloading 7 unused Assets to reduce memory usage. Loaded Objects now: 1582.
Total: 1.910600 ms (FindLiveObjects: 0.144300 ms CreateObjectMapping: 0.039900 ms MarkObjects: 1.612000 ms  DeleteObjects: 0.112600 ms)

========================================================================
Received Prepare
Registering precompiled user dll's ...
Registered in 0.002424 seconds.
Begin MonoManager ReloadAssembly
Native extension for WindowsStandalone target not found
Refreshing native plugins compatible for Editor in 0.36 ms, found 0 plugins.
Preloading 0 native plugins for Editor in 0.00 ms.
Invoked RoslynAnalysisRunner static constructor.
RoslynAnalysisRunner will not be running.
RoslynAnalysisRunner has terminated.
Mono: successfully reloaded assembly
- Completed reload, in  0.961 seconds
Platform modules already initialized, skipping
Refreshing native plugins compatible for Editor in 0.22 ms, found 0 plugins.
Preloading 0 native plugins for Editor in 0.00 ms.
Unloading 1114 Unused Serialized files (Serialized files now loaded: 0)
System memory in use before: 69.0 MB.
System memory in use after: 69.1 MB.

Unloading 7 unused Assets to reduce memory usage. Loaded Objects now: 1584.
Total: 2.468000 ms (FindLiveObjects: 0.225000 ms CreateObjectMapping: 0.077800 ms MarkObjects: 2.091100 ms  DeleteObjects: 0.072300 ms)

========================================================================
Received Prepare
Registering precompiled user dll's ...
Registered in 0.002582 seconds.
Begin MonoManager ReloadAssembly
Native extension for WindowsStandalone target not found
Refreshing native plugins compatible for Editor in 0.49 ms, found 0 plugins.
Preloading 0 native plugins for Editor in 0.00 ms.
Invoked RoslynAnalysisRunner static constructor.
RoslynAnalysisRunner will not be running.
RoslynAnalysisRunner has terminated.
Mono: successfully reloaded assembly
- Completed reload, in  1.060 seconds
Platform modules already initialized, skipping
Refreshing native plugins compatible for Editor in 0.24 ms, found 0 plugins.
Preloading 0 native plugins for Editor in 0.00 ms.
Unloading 1114 Unused Serialized files (Serialized files now loaded: 0)
System memory in use before: 69.1 MB.
System memory in use after: 69.1 MB.

Unloading 7 unused Assets to reduce memory usage. Loaded Objects now: 1586.
Total: 1.770000 ms (FindLiveObjects: 0.150600 ms CreateObjectMapping: 0.032900 ms MarkObjects: 1.520400 ms  DeleteObjects: 0.065500 ms)

========================================================================
Received Prepare
Registering precompiled user dll's ...
Registered in 0.003034 seconds.
Begin MonoManager ReloadAssembly
Native extension for WindowsStandalone target not found
Refreshing native plugins compatible for Editor in 0.38 ms, found 0 plugins.
Preloading 0 native plugins for Editor in 0.00 ms.
Invoked RoslynAnalysisRunner static constructor.
RoslynAnalysisRunner will not be running.
RoslynAnalysisRunner has terminated.
Mono: successfully reloaded assembly
- Completed reload, in  1.229 seconds
Platform modules already initialized, skipping
Refreshing native plugins compatible for Editor in 0.31 ms, found 0 plugins.
Preloading 0 native plugins for Editor in 0.00 ms.
Unloading 1114 Unused Serialized files (Serialized files now loaded: 0)
System memory in use before: 69.1 MB.
System memory in use after: 69.1 MB.

Unloading 7 unused Assets to reduce memory usage. Loaded Objects now: 1588.
Total: 1.846000 ms (FindLiveObjects: 0.233000 ms CreateObjectMapping: 0.040700 ms MarkObjects: 1.508900 ms  DeleteObjects: 0.062000 ms)

========================================================================
Received Prepare
Registering precompiled user dll's ...
Registered in 0.002310 seconds.
Begin MonoManager ReloadAssembly
Native extension for WindowsStandalone target not found
Refreshing native plugins compatible for Editor in 0.26 ms, found 0 plugins.
Preloading 0 native plugins for Editor in 0.00 ms.
Invoked RoslynAnalysisRunner static constructor.
RoslynAnalysisRunner will not be running.
RoslynAnalysisRunner has terminated.
Mono: successfully reloaded assembly
- Completed reload, in  1.038 seconds
Platform modules already initialized, skipping
Refreshing native plugins compatible for Editor in 0.45 ms, found 0 plugins.
Preloading 0 native plugins for Editor in 0.00 ms.
Unloading 1114 Unused Serialized files (Serialized files now loaded: 0)
System memory in use before: 69.1 MB.
System memory in use after: 69.1 MB.

Unloading 7 unused Assets to reduce memory usage. Loaded Objects now: 1590.
Total: 2.600800 ms (FindLiveObjects: 0.514100 ms CreateObjectMapping: 0.078500 ms MarkObjects: 1.906800 ms  DeleteObjects: 0.097000 ms)

========================================================================
Received Prepare
Registering precompiled user dll's ...
Registered in 0.024416 seconds.
Begin MonoManager ReloadAssembly
Native extension for WindowsStandalone target not found
Refreshing native plugins compatible for Editor in 0.91 ms, found 0 plugins.
Preloading 0 native plugins for Editor in 0.00 ms.
Invoked RoslynAnalysisRunner static constructor.
RoslynAnalysisRunner will not be running.
RoslynAnalysisRunner has terminated.
Mono: successfully reloaded assembly
- Completed reload, in  3.192 seconds
Platform modules already initialized, skipping
Refreshing native plugins compatible for Editor in 0.49 ms, found 0 plugins.
Preloading 0 native plugins for Editor in 0.00 ms.
Unloading 1114 Unused Serialized files (Serialized files now loaded: 0)
System memory in use before: 69.1 MB.
System memory in use after: 69.1 MB.

Unloading 7 unused Assets to reduce memory usage. Loaded Objects now: 1592.
Total: 5.504200 ms (FindLiveObjects: 0.284100 ms CreateObjectMapping: 0.145100 ms MarkObjects: 4.907800 ms  DeleteObjects: 0.164100 ms)

========================================================================
Received Import Request.
  Time since last request: 3199.228913 seconds.
  path: Assets/Scripts/ElevatorPlayerDetection.cs
  artifactKey: Guid(28600f8198a55b34e81c3b3ec5191684) Importer(815301076,1909f56bfc062723c751e8b465ee728b)
Start importing Assets/Scripts/ElevatorPlayerDetection.cs using Guid(28600f8198a55b34e81c3b3ec5191684) Importer(815301076,1909f56bfc062723c751e8b465ee728b)  -> (artifact id: 'c030ff41132b70eadb50271e6e71ff78') in 0.046755 seconds
  Import took 0.051756 seconds .

========================================================================
Received Prepare
Registering precompiled user dll's ...
Registered in 0.007581 seconds.
Begin MonoManager ReloadAssembly
Native extension for WindowsStandalone target not found
Refreshing native plugins compatible for Editor in 0.39 ms, found 0 plugins.
Preloading 0 native plugins for Editor in 0.00 ms.
Invoked RoslynAnalysisRunner static constructor.
RoslynAnalysisRunner will not be running.
RoslynAnalysisRunner has terminated.
Mono: successfully reloaded assembly
- Completed reload, in  1.111 seconds
Platform modules already initialized, skipping
Refreshing native plugins compatible for Editor in 0.22 ms, found 0 plugins.
Preloading 0 native plugins for Editor in 0.00 ms.
Unloading 1115 Unused Serialized files (Serialized files now loaded: 0)
System memory in use before: 69.1 MB.
System memory in use after: 69.2 MB.

Unloading 7 unused Assets to reduce memory usage. Loaded Objects now: 1595.
Total: 2.057900 ms (FindLiveObjects: 0.316700 ms CreateObjectMapping: 0.054000 ms MarkObjects: 1.599900 ms  DeleteObjects: 0.084900 ms)

========================================================================
Received Import Request.
  Time since last request: 269.890285 seconds.
  path: Assets/Scripts/ElevatorPlayerDetection.cs
  artifactKey: Guid(28600f8198a55b34e81c3b3ec5191684) Importer(815301076,1909f56bfc062723c751e8b465ee728b)
Start importing Assets/Scripts/ElevatorPlayerDetection.cs using Guid(28600f8198a55b34e81c3b3ec5191684) Importer(815301076,1909f56bfc062723c751e8b465ee728b)  -> (artifact id: '04c1dc154e395187c7488c87e4b4ffb6') in 0.020616 seconds
  Import took 0.036638 seconds .

========================================================================
Received Prepare
Registering precompiled user dll's ...
Registered in 0.002687 seconds.
Begin MonoManager ReloadAssembly
Native extension for WindowsStandalone target not found
Refreshing native plugins compatible for Editor in 0.33 ms, found 0 plugins.
Preloading 0 native plugins for Editor in 0.00 ms.
Invoked RoslynAnalysisRunner static constructor.
RoslynAnalysisRunner will not be running.
RoslynAnalysisRunner has terminated.
Mono: successfully reloaded assembly
- Completed reload, in  1.050 seconds
Platform modules already initialized, skipping
Refreshing native plugins compatible for Editor in 0.23 ms, found 0 plugins.
Preloading 0 native plugins for Editor in 0.00 ms.
Unloading 1115 Unused Serialized files (Serialized files now loaded: 0)
System memory in use before: 69.1 MB.
System memory in use after: 69.2 MB.

Unloading 7 unused Assets to reduce memory usage. Loaded Objects now: 1597.
Total: 2.242000 ms (FindLiveObjects: 0.385000 ms CreateObjectMapping: 0.068900 ms MarkObjects: 1.718600 ms  DeleteObjects: 0.068000 ms)

========================================================================
Received Prepare
Registering precompiled user dll's ...
Registered in 0.003268 seconds.
Begin MonoManager ReloadAssembly
Native extension for WindowsStandalone target not found
Refreshing native plugins compatible for Editor in 0.23 ms, found 0 plugins.
Preloading 0 native plugins for Editor in 0.00 ms.
Invoked RoslynAnalysisRunner static constructor.
RoslynAnalysisRunner will not be running.
RoslynAnalysisRunner has terminated.
Mono: successfully reloaded assembly
- Completed reload, in  1.008 seconds
Platform modules already initialized, skipping
Refreshing native plugins compatible for Editor in 0.25 ms, found 0 plugins.
Preloading 0 native plugins for Editor in 0.00 ms.
Unloading 1115 Unused Serialized files (Serialized files now loaded: 0)
System memory in use before: 69.1 MB.
System memory in use after: 69.2 MB.

Unloading 7 unused Assets to reduce memory usage. Loaded Objects now: 1599.
Total: 3.378900 ms (FindLiveObjects: 0.521700 ms CreateObjectMapping: 0.093100 ms MarkObjects: 2.454600 ms  DeleteObjects: 0.305300 ms)

========================================================================
Received Prepare
Registering precompiled user dll's ...
Registered in 0.002526 seconds.
Begin MonoManager ReloadAssembly
Native extension for WindowsStandalone target not found
Refreshing native plugins compatible for Editor in 0.35 ms, found 0 plugins.
Preloading 0 native plugins for Editor in 0.00 ms.
Invoked RoslynAnalysisRunner static constructor.
RoslynAnalysisRunner will not be running.
RoslynAnalysisRunner has terminated.
Mono: successfully reloaded assembly
- Completed reload, in  1.006 seconds
Platform modules already initialized, skipping
Refreshing native plugins compatible for Editor in 0.27 ms, found 0 plugins.
Preloading 0 native plugins for Editor in 0.00 ms.
Unloading 1115 Unused Serialized files (Serialized files now loaded: 0)
System memory in use before: 69.1 MB.
System memory in use after: 69.2 MB.

Unloading 7 unused Assets to reduce memory usage. Loaded Objects now: 1601.
Total: 1.966600 ms (FindLiveObjects: 0.161000 ms CreateObjectMapping: 0.055600 ms MarkObjects: 1.671400 ms  DeleteObjects: 0.077400 ms)

========================================================================
Received Prepare
Registering precompiled user dll's ...
Registered in 0.002731 seconds.
Begin MonoManager ReloadAssembly
Native extension for WindowsStandalone target not found
Refreshing native plugins compatible for Editor in 0.23 ms, found 0 plugins.
Preloading 0 native plugins for Editor in 0.00 ms.
Invoked RoslynAnalysisRunner static constructor.
RoslynAnalysisRunner will not be running.
RoslynAnalysisRunner has terminated.
Mono: successfully reloaded assembly
- Completed reload, in  0.966 seconds
Platform modules already initialized, skipping
Refreshing native plugins compatible for Editor in 0.25 ms, found 0 plugins.
Preloading 0 native plugins for Editor in 0.00 ms.
Unloading 1115 Unused Serialized files (Serialized files now loaded: 0)
System memory in use before: 69.1 MB.
System memory in use after: 69.2 MB.

Unloading 7 unused Assets to reduce memory usage. Loaded Objects now: 1603.
Total: 1.891000 ms (FindLiveObjects: 0.219100 ms CreateObjectMapping: 0.046300 ms MarkObjects: 1.541700 ms  DeleteObjects: 0.082500 ms)

========================================================================
Received Prepare
Registering precompiled user dll's ...
Registered in 0.002237 seconds.
Begin MonoManager ReloadAssembly
Native extension for WindowsStandalone target not found
Refreshing native plugins compatible for Editor in 0.23 ms, found 0 plugins.
Preloading 0 native plugins for Editor in 0.00 ms.
Invoked RoslynAnalysisRunner static constructor.
RoslynAnalysisRunner will not be running.
RoslynAnalysisRunner has terminated.
Mono: successfully reloaded assembly
- Completed reload, in  1.013 seconds
Platform modules already initialized, skipping
Refreshing native plugins compatible for Editor in 0.30 ms, found 0 plugins.
Preloading 0 native plugins for Editor in 0.00 ms.
Unloading 1115 Unused Serialized files (Serialized files now loaded: 0)
System memory in use before: 69.1 MB.
System memory in use after: 69.2 MB.

Unloading 7 unused Assets to reduce memory usage. Loaded Objects now: 1605.
Total: 3.342800 ms (FindLiveObjects: 0.386100 ms CreateObjectMapping: 0.204800 ms MarkObjects: 2.681400 ms  DeleteObjects: 0.068800 ms)

========================================================================
Received Prepare
Registering precompiled user dll's ...
Registered in 0.005370 seconds.
Begin MonoManager ReloadAssembly
Native extension for WindowsStandalone target not found
Refreshing native plugins compatible for Editor in 1.27 ms, found 0 plugins.
Preloading 0 native plugins for Editor in 0.00 ms.
Invoked RoslynAnalysisRunner static constructor.
RoslynAnalysisRunner will not be running.
RoslynAnalysisRunner has terminated.
Mono: successfully reloaded assembly
- Completed reload, in  2.886 seconds
Platform modules already initialized, skipping
Refreshing native plugins compatible for Editor in 0.70 ms, found 0 plugins.
Preloading 0 native plugins for Editor in 0.00 ms.
Unloading 1115 Unused Serialized files (Serialized files now loaded: 0)
System memory in use before: 69.1 MB.
System memory in use after: 69.2 MB.

Unloading 7 unused Assets to reduce memory usage. Loaded Objects now: 1607.
Total: 5.265300 ms (FindLiveObjects: 1.060500 ms CreateObjectMapping: 0.347800 ms MarkObjects: 3.681700 ms  DeleteObjects: 0.171000 ms)

========================================================================
Received Prepare
Registering precompiled user dll's ...
Registered in 0.003520 seconds.
Begin MonoManager ReloadAssembly
Native extension for WindowsStandalone target not found
Refreshing native plugins compatible for Editor in 0.51 ms, found 0 plugins.
Preloading 0 native plugins for Editor in 0.00 ms.
Invoked RoslynAnalysisRunner static constructor.
RoslynAnalysisRunner will not be running.
RoslynAnalysisRunner has terminated.
Mono: successfully reloaded assembly
- Completed reload, in  3.477 seconds
Platform modules already initialized, skipping
Refreshing native plugins compatible for Editor in 1.54 ms, found 0 plugins.
Preloading 0 native plugins for Editor in 0.00 ms.
Unloading 1115 Unused Serialized files (Serialized files now loaded: 0)
System memory in use before: 69.1 MB.
System memory in use after: 69.2 MB.

Unloading 7 unused Assets to reduce memory usage. Loaded Objects now: 1609.
Total: 8.344500 ms (FindLiveObjects: 0.401400 ms CreateObjectMapping: 0.136000 ms MarkObjects: 7.623300 ms  DeleteObjects: 0.180800 ms)

========================================================================
Received Prepare
Registering precompiled user dll's ...
Registered in 0.002154 seconds.
Begin MonoManager ReloadAssembly
Native extension for WindowsStandalone target not found
Refreshing native plugins compatible for Editor in 0.68 ms, found 0 plugins.
Preloading 0 native plugins for Editor in 0.00 ms.
Invoked RoslynAnalysisRunner static constructor.
RoslynAnalysisRunner will not be running.
RoslynAnalysisRunner has terminated.
Mono: successfully reloaded assembly
- Completed reload, in  1.108 seconds
Platform modules already initialized, skipping
Refreshing native plugins compatible for Editor in 0.28 ms, found 0 plugins.
Preloading 0 native plugins for Editor in 0.00 ms.
Unloading 1115 Unused Serialized files (Serialized files now loaded: 0)
System memory in use before: 69.1 MB.
System memory in use after: 69.2 MB.

Unloading 7 unused Assets to reduce memory usage. Loaded Objects now: 1611.
Total: 1.802800 ms (FindLiveObjects: 0.147000 ms CreateObjectMapping: 0.040700 ms MarkObjects: 1.548000 ms  DeleteObjects: 0.065900 ms)

========================================================================
Received Prepare
Registering precompiled user dll's ...
Registered in 0.004307 seconds.
Begin MonoManager ReloadAssembly
Native extension for WindowsStandalone target not found
Refreshing native plugins compatible for Editor in 0.49 ms, found 0 plugins.
Preloading 0 native plugins for Editor in 0.00 ms.
Invoked RoslynAnalysisRunner static constructor.
RoslynAnalysisRunner will not be running.
RoslynAnalysisRunner has terminated.
Mono: successfully reloaded assembly
- Completed reload, in  4.967 seconds
Platform modules already initialized, skipping
Refreshing native plugins compatible for Editor in 1.01 ms, found 0 plugins.
Preloading 0 native plugins for Editor in 0.00 ms.
Unloading 1115 Unused Serialized files (Serialized files now loaded: 0)
System memory in use before: 69.1 MB.
System memory in use after: 69.2 MB.

Unloading 7 unused Assets to reduce memory usage. Loaded Objects now: 1613.
Total: 3.412500 ms (FindLiveObjects: 0.267400 ms CreateObjectMapping: 0.078000 ms MarkObjects: 2.931600 ms  DeleteObjects: 0.132200 ms)

========================================================================
Received Import Request.
  Time since last request: 1520.467129 seconds.
  path: Assets/Scenes/SampleScene.unity
  artifactKey: Guid(9fc0d4010bbf28b4594072e72b8655ab) Importer(815301076,1909f56bfc062723c751e8b465ee728b)
Start importing Assets/Scenes/SampleScene.unity using Guid(9fc0d4010bbf28b4594072e72b8655ab) Importer(815301076,1909f56bfc062723c751e8b465ee728b)  -> (artifact id: '8218884e2d1a322b08647ec1ba5337c7') in 0.047063 seconds
  Import took 0.054284 seconds .

========================================================================
Received Import Request.
  Time since last request: 12.272410 seconds.
  path: Assets/Scenes/Elevator.unity
  artifactKey: Guid(9fc0d4010bbf28b4594072e72b8655ab) Importer(815301076,1909f56bfc062723c751e8b465ee728b)
Start importing Assets/Scenes/Elevator.unity using Guid(9fc0d4010bbf28b4594072e72b8655ab) Importer(815301076,1909f56bfc062723c751e8b465ee728b)  -> (artifact id: '871743f615e3ae010b2288ea1fcff5a4') in 0.023355 seconds
  Import took 0.029617 seconds .

========================================================================
Received Import Request.
  Time since last request: 0.005366 seconds.
  path: Assets/Scenes/Elevator.unity
  artifactKey: Guid(9fc0d4010bbf28b4594072e72b8655ab) Importer(815301076,1909f56bfc062723c751e8b465ee728b)
Start importing Assets/Scenes/Elevator.unity using Guid(9fc0d4010bbf28b4594072e72b8655ab) Importer(815301076,1909f56bfc062723c751e8b465ee728b)  -> (artifact id: '871743f615e3ae010b2288ea1fcff5a4') in 0.017562 seconds
  Import took 0.025531 seconds .

========================================================================
Received Prepare
Registering precompiled user dll's ...
Registered in 0.004960 seconds.
Begin MonoManager ReloadAssembly
Native extension for WindowsStandalone target not found
Refreshing native plugins compatible for Editor in 1.12 ms, found 0 plugins.
Preloading 0 native plugins for Editor in 0.00 ms.
Invoked RoslynAnalysisRunner static constructor.
RoslynAnalysisRunner will not be running.
RoslynAnalysisRunner has terminated.
Mono: successfully reloaded assembly
- Completed reload, in  3.554 seconds
Platform modules already initialized, skipping
Refreshing native plugins compatible for Editor in 0.42 ms, found 0 plugins.
Preloading 0 native plugins for Editor in 0.00 ms.
Unloading 1115 Unused Serialized files (Serialized files now loaded: 0)
System memory in use before: 69.2 MB.
System memory in use after: 69.2 MB.

Unloading 7 unused Assets to reduce memory usage. Loaded Objects now: 1615.
Total: 4.258800 ms (FindLiveObjects: 0.331200 ms CreateObjectMapping: 0.143900 ms MarkObjects: 3.636700 ms  DeleteObjects: 0.143300 ms)

========================================================================
Received Prepare
Registering precompiled user dll's ...
Registered in 0.003477 seconds.
Begin MonoManager ReloadAssembly
Native extension for WindowsStandalone target not found
Refreshing native plugins compatible for Editor in 1.12 ms, found 0 plugins.
Preloading 0 native plugins for Editor in 0.00 ms.
Invoked RoslynAnalysisRunner static constructor.
RoslynAnalysisRunner will not be running.
RoslynAnalysisRunner has terminated.
Mono: successfully reloaded assembly
- Completed reload, in  3.382 seconds
Platform modules already initialized, skipping
Refreshing native plugins compatible for Editor in 0.31 ms, found 0 plugins.
Preloading 0 native plugins for Editor in 0.00 ms.
Unloading 1115 Unused Serialized files (Serialized files now loaded: 0)
System memory in use before: 69.2 MB.
System memory in use after: 69.3 MB.

Unloading 7 unused Assets to reduce memory usage. Loaded Objects now: 1617.
Total: 3.574300 ms (FindLiveObjects: 0.531100 ms CreateObjectMapping: 0.097600 ms MarkObjects: 2.814100 ms  DeleteObjects: 0.127700 ms)

========================================================================
Received Import Request.
  Time since last request: 652.824345 seconds.
  path: Assets/Wood.jpg
  artifactKey: Guid(69890b19c294db1488b82157db47257c) Importer(815301076,1909f56bfc062723c751e8b465ee728b)
Start importing Assets/Wood.jpg using Guid(69890b19c294db1488b82157db47257c) Importer(815301076,1909f56bfc062723c751e8b465ee728b)  -> (artifact id: 'cc486723058b5fa6af9f3537c4a3c5d7') in 0.164952 seconds
  Import took 0.170719 seconds .

========================================================================
Received Import Request.
  Time since last request: 10.157005 seconds.
  path: Assets/Materials
  artifactKey: Guid(46ecf256dbcb90e4bad6f3e55b5a804e) Importer(815301076,1909f56bfc062723c751e8b465ee728b)
Start importing Assets/Materials using Guid(46ecf256dbcb90e4bad6f3e55b5a804e) Importer(815301076,1909f56bfc062723c751e8b465ee728b)  -> (artifact id: '443e851e183e50a6108970d26f0c2362') in 0.025812 seconds
  Import took 0.030118 seconds .

========================================================================
Received Import Request.
  Time since last request: 0.011673 seconds.
  path: Assets/Materials
  artifactKey: Guid(46ecf256dbcb90e4bad6f3e55b5a804e) Importer(815301076,1909f56bfc062723c751e8b465ee728b)
Start importing Assets/Materials using Guid(46ecf256dbcb90e4bad6f3e55b5a804e) Importer(815301076,1909f56bfc062723c751e8b465ee728b)  -> (artifact id: '443e851e183e50a6108970d26f0c2362') in 0.014345 seconds
  Import took 0.018114 seconds .

========================================================================
Received Import Request.
  Time since last request: 14.082688 seconds.
  path: Assets/Materials/Wall.mat
  artifactKey: Guid(6621ef413a4f225498e790641f33d173) Importer(815301076,1909f56bfc062723c751e8b465ee728b)
Start importing Assets/Materials/Wall.mat using Guid(6621ef413a4f225498e790641f33d173) Importer(815301076,1909f56bfc062723c751e8b465ee728b)  -> (artifact id: 'abe09892b30c74f53d58b85d617647f6') in 0.295507 seconds
  Import took 0.300474 seconds .

========================================================================
Received Import Request.
  Time since last request: 125.511613 seconds.
  path: Assets/Materials/WoodMat.mat
  artifactKey: Guid(28c647561b82ffc48ad0125f56a908cf) Importer(815301076,1909f56bfc062723c751e8b465ee728b)
Start importing Assets/Materials/WoodMat.mat using Guid(28c647561b82ffc48ad0125f56a908cf) Importer(815301076,1909f56bfc062723c751e8b465ee728b)  -> (artifact id: '0877d1053c7586cf3e7de442940db9fd') in 0.043012 seconds
  Import took 0.047886 seconds .

========================================================================
Received Import Request.
  Time since last request: 7.017824 seconds.
  path: Assets/Materials/Materials
  artifactKey: Guid(c403fd686c7398246b6bd3d4991d71b6) Importer(815301076,1909f56bfc062723c751e8b465ee728b)
Start importing Assets/Materials/Materials using Guid(c403fd686c7398246b6bd3d4991d71b6) Importer(815301076,1909f56bfc062723c751e8b465ee728b)  -> (artifact id: '4f608aa9e60838fc1b91f1fbf85fc4cb') in 0.005485 seconds
  Import took 0.015563 seconds .

========================================================================
Received Import Request.
  Time since last request: 0.377715 seconds.
  path: Assets/Materials/Materials/Wood.mat
  artifactKey: Guid(c5a0c799b9f746f4ebe96ba1c20fec10) Importer(815301076,1909f56bfc062723c751e8b465ee728b)
Start importing Assets/Materials/Materials/Wood.mat using Guid(c5a0c799b9f746f4ebe96ba1c20fec10) Importer(815301076,1909f56bfc062723c751e8b465ee728b)  -> (artifact id: 'dd9072d413f103ca26eda87d6c5c614f') in 0.021649 seconds
  Import took 0.029167 seconds .

========================================================================
Received Prepare
Registering precompiled user dll's ...
Registered in 0.006027 seconds.
Begin MonoManager ReloadAssembly
Native extension for WindowsStandalone target not found
Refreshing native plugins compatible for Editor in 0.81 ms, found 0 plugins.
Preloading 0 native plugins for Editor in 0.00 ms.
Invoked RoslynAnalysisRunner static constructor.
RoslynAnalysisRunner will not be running.
RoslynAnalysisRunner has terminated.
Mono: successfully reloaded assembly
- Completed reload, in  3.949 seconds
Platform modules already initialized, skipping
Refreshing native plugins compatible for Editor in 0.44 ms, found 0 plugins.
Preloading 0 native plugins for Editor in 0.00 ms.
Unloading 1115 Unused Serialized files (Serialized files now loaded: 0)
System memory in use before: 72.5 MB.
System memory in use after: 72.6 MB.

Unloading 7 unused Assets to reduce memory usage. Loaded Objects now: 1660.
Total: 3.275300 ms (FindLiveObjects: 0.281700 ms CreateObjectMapping: 0.073900 ms MarkObjects: 2.795400 ms  DeleteObjects: 0.122400 ms)

========================================================================
Received Import Request.
  Time since last request: 72.112809 seconds.
  path: Assets/Materials/Wall.mat
  artifactKey: Guid(6621ef413a4f225498e790641f33d173) Importer(815301076,1909f56bfc062723c751e8b465ee728b)
Start importing Assets/Materials/Wall.mat using Guid(6621ef413a4f225498e790641f33d173) Importer(815301076,1909f56bfc062723c751e8b465ee728b)  -> (artifact id: '4d1d389eef1c26d19c0fecd035919dfd') in 0.160917 seconds
  Import took 0.165234 seconds .

AssetImportWorkerClient::OnTransportError - code=2 error=End of file
